02:53:58.925 ace.utils [WARN] Reuse previously unzipped xcvu3p.device.ungzip
02:53:59.410 ace.device [INFO] Read DeviceResources: 0.17s, 4.20GB RAM
02:54:00.160 ace.device [INFO] Build 208370 tiles with 197 types and 98808 wires: 0.75s, 4.28GB RAM
02:54:08.716 ace.device [INFO] Build 28226432 nodes: 8.56s, 13.39GB RAM
02:54:14.137 ace.graph [INFO] Build 28226432 node info: 5.37s, 18.23GB RAM
02:54:14.163 ace.graph [INFO] Build 82706 sites and 30867 (24474) pins: 0.02s, 18.24GB RAM
02:54:14.272 ace.utils [WARN] Reuse previously unzipped benchmarks/boom_soc_v2_unrouted.phys.ungzip
02:54:20.258 ace.route [INFO] Build 274737/436777 nets, 397001 sources, 1381866 sinks: 5.98s
02:54:21.968 ace.route [INFO] Initialize 152473 nets to route and 63019 nets preserved
02:54:22.006 ace.route [INFO] Create 875605 connections, 0 direct, 875605 indirect
02:54:22.117 ace.route [INFO] 
02:54:22.118 ace.route [INFO] ============ Iteration 1 ============
02:55:03.110 ace.route [INFO] Routed connections: 875605/875605
02:55:03.110 ace.route [INFO] Nodes with overlaps: 430971
02:55:03.111 ace.route [INFO] Nodes pushed: 222227071 (253.80/conn)
02:55:03.111 ace.route [INFO] Nodes popped: 136069425 (155.40/conn)
02:55:03.111 ace.route [INFO] Children skipped: 0 (0.00/conn)
02:55:03.291 ace.route [INFO] Congested connections: 709698
02:55:03.301 ace.route [ERROR] Net 858392 is unroutable
02:55:03.302 ace.route [INFO] Time (s): 41.1847 | RAM (GB): 31.7085
02:55:03.303 ace.route [INFO] ============ Iteration 2 ============
02:55:30.064 ace.route [INFO] Routed connections: 669968/875605
02:55:30.065 ace.route [INFO] Nodes with overlaps: 272154
02:55:30.067 ace.route [INFO] Nodes pushed: 193097894 (288.22/conn)
02:55:30.068 ace.route [INFO] Nodes popped: 129103529 (192.70/conn)
02:55:30.069 ace.route [INFO] Children skipped: 0 (0.00/conn)
02:55:30.279 ace.route [INFO] Congested connections: 601559
02:55:30.281 ace.route [INFO] Time (s): 26.9772 | RAM (GB): 32.2417
02:55:30.282 ace.route [INFO] ============ Iteration 3 ============
02:55:55.920 ace.route [INFO] Routed connections: 569153/875605
02:55:55.922 ace.route [INFO] Nodes with overlaps: 152814
02:55:55.923 ace.route [INFO] Nodes pushed: 191284730 (336.09/conn)
02:55:55.924 ace.route [INFO] Nodes popped: 131314681 (230.72/conn)
02:55:55.925 ace.route [INFO] Children skipped: 0 (0.00/conn)
02:55:56.155 ace.route [INFO] Congested connections: 476272
02:55:56.156 ace.route [INFO] Time (s): 25.8738 | RAM (GB): 32.5228
02:55:56.157 ace.route [INFO] ============ Iteration 4 ============
02:56:18.118 ace.route [INFO] Routed connections: 448000/875605
02:56:18.120 ace.route [INFO] Nodes with overlaps: 78955
02:56:18.120 ace.route [INFO] Nodes pushed: 166645330 (371.98/conn)
02:56:18.122 ace.route [INFO] Nodes popped: 113886607 (254.21/conn)
02:56:18.123 ace.route [INFO] Children skipped: 0 (0.00/conn)
02:56:18.355 ace.route [INFO] Congested connections: 354633
02:56:18.356 ace.route [INFO] Time (s): 22.1988 | RAM (GB): 32.7056
02:56:18.357 ace.route [INFO] ============ Iteration 5 ============
02:56:36.169 ace.route [INFO] Routed connections: 331579/875605
02:56:36.170 ace.route [INFO] Nodes with overlaps: 38816
02:56:36.170 ace.route [INFO] Nodes pushed: 134285126 (404.99/conn)
02:56:36.173 ace.route [INFO] Nodes popped: 91144123 (274.88/conn)
02:56:36.174 ace.route [INFO] Children skipped: 0 (0.00/conn)
02:56:36.440 ace.route [INFO] Congested connections: 249095
02:56:36.442 ace.route [INFO] Time (s): 18.0849 | RAM (GB): 32.8286
02:56:36.443 ace.route [INFO] ============ Iteration 6 ============
02:56:50.096 ace.route [INFO] Routed connections: 229071/875605
02:56:50.098 ace.route [INFO] Nodes with overlaps: 16941
02:56:50.099 ace.route [INFO] Nodes pushed: 101204755 (441.81/conn)
02:56:50.100 ace.route [INFO] Nodes popped: 67902606 (296.43/conn)
02:56:50.100 ace.route [INFO] Children skipped: 0 (0.00/conn)
02:56:50.364 ace.route [INFO] Congested connections: 156245
02:56:50.366 ace.route [INFO] Time (s): 13.9226 | RAM (GB): 32.913
02:56:50.367 ace.route [INFO] ============ Iteration 7 ============
02:56:58.734 ace.route [INFO] Routed connections: 139259/875605
02:56:58.735 ace.route [INFO] Nodes with overlaps: 5788
02:56:58.735 ace.route [INFO] Nodes pushed: 64599889 (463.88/conn)
02:56:58.737 ace.route [INFO] Nodes popped: 43383921 (311.53/conn)
02:56:58.738 ace.route [INFO] Children skipped: 0 (0.00/conn)
02:56:58.988 ace.route [INFO] Congested connections: 82125
02:56:58.989 ace.route [INFO] Time (s): 8.62251 | RAM (GB): 32.958
02:56:58.990 ace.route [INFO] ============ Iteration 8 ============
02:57:03.443 ace.route [INFO] Routed connections: 71408/875605
02:57:03.445 ace.route [INFO] Nodes with overlaps: 1546
02:57:03.445 ace.route [INFO] Nodes pushed: 33258352 (465.75/conn)
02:57:03.447 ace.route [INFO] Nodes popped: 22349325 (312.98/conn)
02:57:03.448 ace.route [INFO] Children skipped: 0 (0.00/conn)
02:57:03.699 ace.route [INFO] Congested connections: 36075
02:57:03.700 ace.route [INFO] Time (s): 4.70971 | RAM (GB): 32.9838
02:57:03.700 ace.route [INFO] ============ Iteration 9 ============
02:57:05.873 ace.route [INFO] Routed connections: 30288/875605
02:57:05.874 ace.route [INFO] Nodes with overlaps: 362
02:57:05.875 ace.route [INFO] Nodes pushed: 14030249 (463.23/conn)
02:57:05.875 ace.route [INFO] Nodes popped: 9378363 (309.64/conn)
02:57:05.876 ace.route [INFO] Children skipped: 0 (0.00/conn)
02:57:06.129 ace.route [INFO] Congested connections: 11695
02:57:06.130 ace.route [INFO] Time (s): 2.4297 | RAM (GB): 32.9944
02:57:06.130 ace.route [INFO] ============ Iteration 10 ============
02:57:07.246 ace.route [INFO] Routed connections: 9102/875605
02:57:07.248 ace.route [INFO] Nodes with overlaps: 146
02:57:07.249 ace.route [INFO] Nodes pushed: 4846150 (532.43/conn)
02:57:07.250 ace.route [INFO] Nodes popped: 3193246 (350.83/conn)
02:57:07.250 ace.route [INFO] Children skipped: 0 (0.00/conn)
02:57:07.503 ace.route [INFO] Congested connections: 4108
02:57:07.505 ace.route [INFO] Time (s): 1.37403 | RAM (GB): 32.9974
02:57:07.505 ace.route [INFO] ============ Iteration 11 ============
02:57:08.303 ace.route [INFO] Routed connections: 2729/875605
02:57:08.304 ace.route [INFO] Nodes with overlaps: 68
02:57:08.305 ace.route [INFO] Nodes pushed: 1796490 (658.30/conn)
02:57:08.305 ace.route [INFO] Nodes popped: 1211631 (443.98/conn)
02:57:08.307 ace.route [INFO] Children skipped: 0 (0.00/conn)
02:57:08.563 ace.route [INFO] Congested connections: 614
02:57:08.564 ace.route [INFO] Time (s): 1.05876 | RAM (GB): 32.9987
02:57:08.565 ace.route [INFO] ============ Iteration 12 ============
02:57:09.209 ace.route [INFO] Routed connections: 495/875605
02:57:09.210 ace.route [INFO] Nodes with overlaps: 49
02:57:09.210 ace.route [INFO] Nodes pushed: 402565 (813.26/conn)
02:57:09.212 ace.route [INFO] Nodes popped: 298481 (602.99/conn)
02:57:09.213 ace.route [INFO] Children skipped: 0 (0.00/conn)
02:57:09.468 ace.route [INFO] Congested connections: 294
02:57:09.469 ace.route [INFO] Time (s): 0.903607 | RAM (GB): 32.9992
02:57:09.471 ace.route [INFO] ============ Iteration 13 ============
02:57:10.090 ace.route [INFO] Routed connections: 299/875605
02:57:10.090 ace.route [INFO] Nodes with overlaps: 33
02:57:10.092 ace.route [INFO] Nodes pushed: 234263 (783.49/conn)
02:57:10.093 ace.route [INFO] Nodes popped: 178751 (597.83/conn)
02:57:10.094 ace.route [INFO] Children skipped: 0 (0.00/conn)
02:57:10.347 ace.route [INFO] Congested connections: 302
02:57:10.348 ace.route [INFO] Time (s): 0.876838 | RAM (GB): 32.9994
02:57:10.350 ace.route [INFO] ============ Iteration 14 ============
02:57:10.979 ace.route [INFO] Routed connections: 312/875605
02:57:10.980 ace.route [INFO] Nodes with overlaps: 21
02:57:10.980 ace.route [INFO] Nodes pushed: 311027 (996.88/conn)
02:57:10.982 ace.route [INFO] Nodes popped: 239383 (767.25/conn)
02:57:10.983 ace.route [INFO] Children skipped: 0 (0.00/conn)
02:57:11.236 ace.route [INFO] Congested connections: 228
02:57:11.238 ace.route [INFO] Time (s): 0.888158 | RAM (GB): 32.9996
02:57:11.239 ace.route [INFO] ============ Iteration 15 ============
02:57:11.840 ace.route [INFO] Routed connections: 219/875605
02:57:11.842 ace.route [INFO] Nodes with overlaps: 15
02:57:11.843 ace.route [INFO] Nodes pushed: 131054 (598.42/conn)
02:57:11.844 ace.route [INFO] Nodes popped: 104407 (476.74/conn)
02:57:11.845 ace.route [INFO] Children skipped: 0 (0.00/conn)
02:57:12.098 ace.route [INFO] Congested connections: 221
02:57:12.100 ace.route [INFO] Time (s): 0.860793 | RAM (GB): 32.9996
02:57:12.100 ace.route [INFO] ============ Iteration 16 ============
02:57:12.700 ace.route [INFO] Routed connections: 221/875605
02:57:12.700 ace.route [INFO] Nodes with overlaps: 6
02:57:12.702 ace.route [INFO] Nodes pushed: 107006 (484.19/conn)
02:57:12.703 ace.route [INFO] Nodes popped: 87499 (395.92/conn)
02:57:12.704 ace.route [INFO] Children skipped: 0 (0.00/conn)
02:57:12.958 ace.route [INFO] Congested connections: 197
02:57:12.960 ace.route [INFO] Time (s): 0.859145 | RAM (GB): 32.9996
02:57:12.960 ace.route [INFO] ============ Iteration 17 ============
02:57:13.550 ace.route [INFO] Routed connections: 197/875605
02:57:13.550 ace.route [INFO] Nodes with overlaps: 5
02:57:13.552 ace.route [INFO] Nodes pushed: 51830 (263.10/conn)
02:57:13.553 ace.route [INFO] Nodes popped: 45029 (228.57/conn)
02:57:13.554 ace.route [INFO] Children skipped: 0 (0.00/conn)
02:57:13.809 ace.route [INFO] Congested connections: 194
02:57:13.810 ace.route [INFO] Time (s): 0.849654 | RAM (GB): 32.9996
02:57:13.810 ace.route [INFO] ============ Iteration 18 ============
02:57:14.401 ace.route [INFO] Routed connections: 197/875605
02:57:14.403 ace.route [INFO] Nodes with overlaps: 4
02:57:14.404 ace.route [INFO] Nodes pushed: 58029 (294.56/conn)
02:57:14.405 ace.route [INFO] Nodes popped: 48278 (245.07/conn)
02:57:14.406 ace.route [INFO] Children skipped: 0 (0.00/conn)
02:57:14.660 ace.route [INFO] Congested connections: 194
02:57:14.662 ace.route [INFO] Time (s): 0.851262 | RAM (GB): 32.9996
02:57:14.663 ace.route [INFO] ============ Iteration 19 ============
02:57:15.249 ace.route [INFO] Routed connections: 192/875605
02:57:15.250 ace.route [INFO] Nodes with overlaps: 3
02:57:15.250 ace.route [INFO] Nodes pushed: 45210 (235.47/conn)
02:57:15.252 ace.route [INFO] Nodes popped: 39078 (203.53/conn)
02:57:15.253 ace.route [INFO] Children skipped: 0 (0.00/conn)
02:57:15.504 ace.route [INFO] Congested connections: 192
02:57:15.505 ace.route [INFO] Time (s): 0.842454 | RAM (GB): 32.9996
02:57:15.507 ace.route [INFO] ============ Iteration 20 ============
02:57:16.091 ace.route [INFO] Routed connections: 192/875605
02:57:16.092 ace.route [INFO] Nodes with overlaps: 3
02:57:16.093 ace.route [INFO] Nodes pushed: 45580 (237.40/conn)
02:57:16.093 ace.route [INFO] Nodes popped: 39265 (204.51/conn)
02:57:16.094 ace.route [INFO] Children skipped: 0 (0.00/conn)
02:57:16.345 ace.route [INFO] Congested connections: 191
02:57:16.345 ace.route [INFO] Time (s): 0.838847 | RAM (GB): 32.9996
02:57:16.347 ace.route [INFO] ============ Iteration 21 ============
02:57:16.931 ace.route [INFO] Routed connections: 192/875605
02:57:16.932 ace.route [INFO] Nodes with overlaps: 2
02:57:16.933 ace.route [INFO] Nodes pushed: 45794 (238.51/conn)
02:57:16.934 ace.route [INFO] Nodes popped: 39317 (204.78/conn)
02:57:16.935 ace.route [INFO] Children skipped: 0 (0.00/conn)
02:57:17.188 ace.route [INFO] Congested connections: 190
02:57:17.189 ace.route [INFO] Time (s): 0.842492 | RAM (GB): 32.9996
02:57:17.190 ace.route [INFO] ============ Iteration 22 ============
02:57:17.772 ace.route [INFO] Routed connections: 189/875605
02:57:17.773 ace.route [INFO] Nodes with overlaps: 1
02:57:17.774 ace.route [INFO] Nodes pushed: 45539 (240.95/conn)
02:57:17.775 ace.route [INFO] Nodes popped: 38954 (206.11/conn)
02:57:17.777 ace.route [INFO] Children skipped: 0 (0.00/conn)
02:57:18.029 ace.route [INFO] Congested connections: 188
02:57:18.030 ace.route [INFO] Time (s): 0.839963 | RAM (GB): 32.9996
02:57:18.032 ace.route [INFO] ============ Iteration 23 ============
02:57:18.614 ace.route [INFO] Routed connections: 188/875605
02:57:18.615 ace.route [INFO] Nodes with overlaps: 1
02:57:18.615 ace.route [INFO] Nodes pushed: 40443 (215.12/conn)
02:57:18.617 ace.route [INFO] Nodes popped: 35250 (187.50/conn)
02:57:18.618 ace.route [INFO] Children skipped: 0 (0.00/conn)
02:57:18.871 ace.route [INFO] Congested connections: 188
02:57:18.873 ace.route [INFO] Time (s): 0.840927 | RAM (GB): 32.9996
02:57:18.874 ace.route [INFO] ============ Iteration 24 ============
02:57:19.452 ace.route [INFO] Routed connections: 188/875605
02:57:19.454 ace.route [INFO] Nodes with overlaps: 1
02:57:19.455 ace.route [INFO] Nodes pushed: 41147 (218.87/conn)
02:57:19.455 ace.route [INFO] Nodes popped: 35453 (188.58/conn)
02:57:19.457 ace.route [INFO] Children skipped: 0 (0.00/conn)
02:57:19.710 ace.route [INFO] Congested connections: 188
02:57:19.710 ace.route [INFO] Time (s): 0.836728 | RAM (GB): 32.9996
02:57:19.712 ace.route [INFO] ============ Iteration 25 ============
02:57:20.290 ace.route [INFO] Routed connections: 188/875605
02:57:20.290 ace.route [INFO] Nodes with overlaps: 1
02:57:20.292 ace.route [INFO] Nodes pushed: 40750 (216.76/conn)
02:57:20.293 ace.route [INFO] Nodes popped: 35084 (186.62/conn)
02:57:20.294 ace.route [INFO] Children skipped: 0 (0.00/conn)
02:57:20.545 ace.route [INFO] Congested connections: 188
02:57:20.545 ace.route [INFO] Time (s): 0.833822 | RAM (GB): 32.9996
02:57:20.547 ace.route [INFO] ============ Iteration 26 ============
02:57:21.124 ace.route [INFO] Routed connections: 188/875605
02:57:21.125 ace.route [INFO] Nodes with overlaps: 1
02:57:21.127 ace.route [INFO] Nodes pushed: 40922 (217.67/conn)
02:57:21.128 ace.route [INFO] Nodes popped: 35351 (188.04/conn)
02:57:21.128 ace.route [INFO] Children skipped: 0 (0.00/conn)
02:57:21.377 ace.route [INFO] Congested connections: 188
02:57:21.378 ace.route [INFO] Time (s): 0.831736 | RAM (GB): 32.9996
02:57:21.380 ace.route [INFO] ============ Iteration 27 ============
02:57:21.957 ace.route [INFO] Routed connections: 188/875605
02:57:21.958 ace.route [INFO] Nodes with overlaps: 1
02:57:21.959 ace.route [INFO] Nodes pushed: 41521 (220.86/conn)
02:57:21.960 ace.route [INFO] Nodes popped: 36076 (191.89/conn)
02:57:21.962 ace.route [INFO] Children skipped: 0 (0.00/conn)
02:57:22.212 ace.route [INFO] Congested connections: 188
02:57:22.213 ace.route [INFO] Time (s): 0.833186 | RAM (GB): 32.9996
02:57:22.214 ace.route [INFO] ============ Iteration 28 ============
02:57:22.805 ace.route [INFO] Routed connections: 188/875605
02:57:22.805 ace.route [INFO] Nodes with overlaps: 1
02:57:22.806 ace.route [INFO] Nodes pushed: 44235 (235.29/conn)
02:57:22.806 ace.route [INFO] Nodes popped: 37994 (202.10/conn)
02:57:22.806 ace.route [INFO] Children skipped: 0 (0.00/conn)
02:57:23.077 ace.route [INFO] Congested connections: 188
02:57:23.078 ace.route [INFO] Time (s): 0.864092 | RAM (GB): 32.9996
02:57:23.079 ace.route [INFO] ============ Iteration 29 ============
02:57:23.701 ace.route [INFO] Routed connections: 188/875605
02:57:23.702 ace.route [INFO] Nodes with overlaps: 1
02:57:23.704 ace.route [INFO] Nodes pushed: 40686 (216.41/conn)
02:57:23.704 ace.route [INFO] Nodes popped: 35409 (188.35/conn)
02:57:23.705 ace.route [INFO] Children skipped: 0 (0.00/conn)
02:57:23.979 ace.route [INFO] Congested connections: 188
02:57:23.980 ace.route [INFO] Time (s): 0.901172 | RAM (GB): 32.9996
02:57:23.982 ace.route [INFO] ============ Iteration 30 ============
02:57:24.605 ace.route [INFO] Routed connections: 188/875605
02:57:24.605 ace.route [INFO] Nodes with overlaps: 1
02:57:24.607 ace.route [INFO] Nodes pushed: 40964 (217.89/conn)
02:57:24.608 ace.route [INFO] Nodes popped: 35554 (189.12/conn)
02:57:24.609 ace.route [INFO] Children skipped: 0 (0.00/conn)
02:57:24.877 ace.route [INFO] Congested connections: 188
02:57:24.879 ace.route [INFO] Time (s): 0.89702 | RAM (GB): 32.9996
02:57:24.880 ace.route [INFO] ============ Iteration 31 ============
02:57:25.509 ace.route [INFO] Routed connections: 188/875605
02:57:25.510 ace.route [INFO] Nodes with overlaps: 1
02:57:25.512 ace.route [INFO] Nodes pushed: 43484 (231.30/conn)
02:57:25.513 ace.route [INFO] Nodes popped: 37241 (198.09/conn)
02:57:25.514 ace.route [INFO] Children skipped: 0 (0.00/conn)
02:57:25.787 ace.route [INFO] Congested connections: 188
02:57:25.788 ace.route [INFO] Time (s): 0.908076 | RAM (GB): 32.9996
02:57:25.789 ace.route [INFO] ============ Iteration 32 ============
02:57:26.416 ace.route [INFO] Routed connections: 188/875605
02:57:26.417 ace.route [INFO] Nodes with overlaps: 1
02:57:26.420 ace.route [INFO] Nodes pushed: 40821 (217.13/conn)
02:57:26.420 ace.route [INFO] Nodes popped: 35401 (188.30/conn)
02:57:26.422 ace.route [INFO] Children skipped: 0 (0.00/conn)
02:57:26.693 ace.route [INFO] Congested connections: 188
02:57:26.694 ace.route [INFO] Time (s): 0.905259 | RAM (GB): 32.9996
02:57:26.695 ace.route [INFO] ============ Iteration 33 ============
02:57:27.321 ace.route [INFO] Routed connections: 188/875605
02:57:27.322 ace.route [INFO] Nodes with overlaps: 1
02:57:27.323 ace.route [INFO] Nodes pushed: 41156 (218.91/conn)
02:57:27.325 ace.route [INFO] Nodes popped: 35930 (191.12/conn)
02:57:27.325 ace.route [INFO] Children skipped: 0 (0.00/conn)
02:57:27.594 ace.route [INFO] Congested connections: 188
02:57:27.594 ace.route [INFO] Time (s): 0.898353 | RAM (GB): 32.9996
02:57:27.594 ace.route [INFO] ============ Iteration 34 ============
02:57:28.223 ace.route [INFO] Routed connections: 188/875605
02:57:28.224 ace.route [INFO] Nodes with overlaps: 1
02:57:28.225 ace.route [INFO] Nodes pushed: 40595 (215.93/conn)
02:57:28.227 ace.route [INFO] Nodes popped: 35250 (187.50/conn)
02:57:28.228 ace.route [INFO] Children skipped: 0 (0.00/conn)
02:57:28.496 ace.route [INFO] Congested connections: 188
02:57:28.497 ace.route [INFO] Time (s): 0.902983 | RAM (GB): 32.9996
02:57:28.498 ace.route [INFO] ============ Iteration 35 ============
02:57:29.126 ace.route [INFO] Routed connections: 188/875605
02:57:29.128 ace.route [INFO] Nodes with overlaps: 1
02:57:29.129 ace.route [INFO] Nodes pushed: 41462 (220.54/conn)
02:57:29.130 ace.route [INFO] Nodes popped: 36218 (192.65/conn)
02:57:29.132 ace.route [INFO] Children skipped: 0 (0.00/conn)
02:57:29.394 ace.route [INFO] Congested connections: 188
02:57:29.395 ace.route [INFO] Time (s): 0.897247 | RAM (GB): 32.9996
02:57:29.397 ace.route [INFO] ============ Iteration 36 ============
02:57:30.031 ace.route [INFO] Routed connections: 188/875605
02:57:30.032 ace.route [INFO] Nodes with overlaps: 1
02:57:30.033 ace.route [INFO] Nodes pushed: 41123 (218.74/conn)
02:57:30.034 ace.route [INFO] Nodes popped: 35752 (190.17/conn)
02:57:30.035 ace.route [INFO] Children skipped: 0 (0.00/conn)
02:57:30.293 ace.route [INFO] Congested connections: 188
02:57:30.294 ace.route [INFO] Time (s): 0.897354 | RAM (GB): 32.9996
02:57:30.295 ace.route [INFO] ============ Iteration 37 ============
02:57:30.937 ace.route [INFO] Routed connections: 188/875605
02:57:30.939 ace.route [INFO] Nodes with overlaps: 1
02:57:30.940 ace.route [INFO] Nodes pushed: 45584 (242.47/conn)
02:57:30.941 ace.route [INFO] Nodes popped: 39277 (208.92/conn)
02:57:30.941 ace.route [INFO] Children skipped: 0 (0.00/conn)
02:57:31.197 ace.route [INFO] Congested connections: 188
02:57:31.198 ace.route [INFO] Time (s): 0.902986 | RAM (GB): 32.9996
02:57:31.200 ace.route [INFO] ============ Iteration 38 ============
02:57:31.837 ace.route [INFO] Routed connections: 188/875605
02:57:31.838 ace.route [INFO] Nodes with overlaps: 1
02:57:31.839 ace.route [INFO] Nodes pushed: 41199 (219.14/conn)
02:57:31.840 ace.route [INFO] Nodes popped: 35623 (189.48/conn)
02:57:31.840 ace.route [INFO] Children skipped: 0 (0.00/conn)
02:57:32.100 ace.route [INFO] Congested connections: 188
02:57:32.100 ace.route [INFO] Time (s): 0.900823 | RAM (GB): 32.9996
02:57:32.102 ace.route [INFO] ============ Iteration 39 ============
02:57:32.736 ace.route [INFO] Routed connections: 188/875605
02:57:32.737 ace.route [INFO] Nodes with overlaps: 1
02:57:32.738 ace.route [INFO] Nodes pushed: 41620 (221.38/conn)
02:57:32.740 ace.route [INFO] Nodes popped: 36059 (191.80/conn)
02:57:32.740 ace.route [INFO] Children skipped: 0 (0.00/conn)
02:57:33.003 ace.route [INFO] Congested connections: 188
02:57:33.004 ace.route [INFO] Time (s): 0.902725 | RAM (GB): 32.9996
02:57:33.005 ace.route [INFO] ============ Iteration 40 ============
02:57:33.634 ace.route [INFO] Routed connections: 188/875605
02:57:33.635 ace.route [INFO] Nodes with overlaps: 1
02:57:33.635 ace.route [INFO] Nodes pushed: 41344 (219.91/conn)
02:57:33.637 ace.route [INFO] Nodes popped: 35667 (189.72/conn)
02:57:33.638 ace.route [INFO] Children skipped: 0 (0.00/conn)
02:57:33.897 ace.route [INFO] Congested connections: 188
02:57:33.898 ace.route [INFO] Time (s): 0.892483 | RAM (GB): 32.9996
02:57:33.899 ace.route [INFO] ============ Iteration 41 ============
02:57:34.536 ace.route [INFO] Routed connections: 188/875605
02:57:34.538 ace.route [INFO] Nodes with overlaps: 1
02:57:34.539 ace.route [INFO] Nodes pushed: 42086 (223.86/conn)
02:57:34.540 ace.route [INFO] Nodes popped: 36561 (194.47/conn)
02:57:34.540 ace.route [INFO] Children skipped: 0 (0.00/conn)
02:57:34.793 ace.route [INFO] Congested connections: 188
02:57:34.794 ace.route [INFO] Time (s): 0.895092 | RAM (GB): 32.9996
02:57:34.795 ace.route [INFO] ============ Iteration 42 ============
02:57:35.443 ace.route [INFO] Routed connections: 188/875605
02:57:35.444 ace.route [INFO] Nodes with overlaps: 1
02:57:35.445 ace.route [INFO] Nodes pushed: 42318 (225.10/conn)
02:57:35.447 ace.route [INFO] Nodes popped: 36906 (196.31/conn)
02:57:35.448 ace.route [INFO] Children skipped: 0 (0.00/conn)
02:57:35.704 ace.route [INFO] Congested connections: 63
02:57:35.706 ace.route [INFO] Time (s): 0.910021 | RAM (GB): 32.9996
02:57:35.707 ace.route [INFO] ============ Iteration 43 ============
02:57:36.340 ace.route [INFO] Routed connections: 1/875605
02:57:36.340 ace.route [INFO] Nodes with overlaps: 0
02:57:36.342 ace.route [INFO] Nodes pushed: 1407 (1407.00/conn)
02:57:36.343 ace.route [INFO] Nodes popped: 1022 (1022.00/conn)
02:57:36.344 ace.route [INFO] Children skipped: 0 (0.00/conn)
02:57:36.611 ace.route [INFO] Congested connections: 0
02:57:36.612 ace.route [INFO] 
02:57:36.613 ace.route [INFO] Route indirect connections success
02:57:36.614 ace.route [INFO] ------------------------------
02:57:36.615 ace.route [INFO] Num iterations:             43
02:57:36.616 ace.route [INFO] Connections routed:    3382628
02:57:36.616 ace.route [INFO] Nodes pushed:       1129588800
02:57:36.616 ace.route [INFO] Nodes popped:        750818977
02:57:36.617 ace.route [INFO] ------------------------------
02:57:37.291 ace.route [INFO] 
02:57:37.292 ace.route [INFO] Route 0 direct connections
02:57:37.293 ace.route [INFO] Time (s): 0.00239076 | RAM (GB): 33.0012
02:57:37.295 ace.route [INFO] 
02:57:38.609 ace.route [INFO] Route time (s): 196.492
02:58:11.855 ace.route [INFO] Insert 5671636 PIPs and 9023 strings: 29.106227s
02:58:28.516 ace.route [INFO] Write to gzip file: 16.660487s
02:58:28.525 ace.main [INFO] Elapsed time (s): 269
