01:06:03.240 ace.utils [WARN] Reuse previously unzipped xcvu3p.device.ungzip
01:06:03.752 ace.device [INFO] Read DeviceResources: 0.17s, 4.20GB RAM
01:06:04.501 ace.device [INFO] Build 208370 tiles with 197 types and 98808 wires: 0.75s, 4.28GB RAM
01:06:13.061 ace.device [INFO] Build 28226432 nodes: 8.56s, 13.39GB RAM
01:06:18.244 ace.graph [INFO] Build 28226432 node info: 5.13s, 18.23GB RAM
01:06:18.269 ace.graph [INFO] Build 82706 sites and 30867 (24474) pins: 0.02s, 18.24GB RAM
01:06:18.382 ace.utils [WARN] Reuse previously unzipped benchmarks/boom_soc_v2_unrouted.phys.ungzip
01:06:24.475 ace.route [INFO] Build 274737/436777 nets, 397001 sources, 1381866 sinks: 6.09s
01:06:26.067 ace.route [INFO] Initialize 152473 nets to route and 63019 nets preserved
01:06:26.106 ace.route [INFO] Create 875605 connections, 0 direct, 875605 indirect
01:06:26.219 ace.route [INFO] 
01:06:26.220 ace.route [INFO] ============ Iteration 1 ============
01:07:10.395 ace.route [INFO] Routed connections: 875605/875605
01:07:10.397 ace.route [INFO] Nodes with overlaps: 429803
01:07:10.398 ace.route [INFO] Nodes pushed: 214029854 (244.44/conn)
01:07:10.399 ace.route [INFO] Nodes popped: 135554799 (154.81/conn)
01:07:10.400 ace.route [INFO] Children skipped: 0 (0.00/conn)
01:07:10.581 ace.route [INFO] Congested connections: 709345
01:07:10.591 ace.route [INFO] Time (s): 44.3724 | RAM (GB): 31.76
01:07:10.593 ace.route [INFO] ============ Iteration 2 ============
01:07:41.339 ace.route [INFO] Routed connections: 669189/875605
01:07:41.340 ace.route [INFO] Nodes with overlaps: 272160
01:07:41.341 ace.route [INFO] Nodes pushed: 178220190 (266.32/conn)
01:07:41.342 ace.route [INFO] Nodes popped: 125970225 (188.24/conn)
01:07:41.344 ace.route [INFO] Children skipped: 0 (0.00/conn)
01:07:41.553 ace.route [INFO] Congested connections: 599593
01:07:41.554 ace.route [INFO] Time (s): 30.9613 | RAM (GB): 32.2839
01:07:41.555 ace.route [INFO] ============ Iteration 3 ============
01:08:12.096 ace.route [INFO] Routed connections: 567592/875605
01:08:12.097 ace.route [INFO] Nodes with overlaps: 153517
01:08:12.098 ace.route [INFO] Nodes pushed: 174913895 (308.17/conn)
01:08:12.099 ace.route [INFO] Nodes popped: 127134760 (223.99/conn)
01:08:12.100 ace.route [INFO] Children skipped: 0 (0.00/conn)
01:08:12.323 ace.route [INFO] Congested connections: 477217
01:08:12.324 ace.route [INFO] Time (s): 30.7694 | RAM (GB): 32.558
01:08:12.325 ace.route [INFO] ============ Iteration 4 ============
01:08:38.934 ace.route [INFO] Routed connections: 447069/875605
01:08:38.935 ace.route [INFO] Nodes with overlaps: 78158
01:08:38.936 ace.route [INFO] Nodes pushed: 152550041 (341.22/conn)
01:08:38.938 ace.route [INFO] Nodes popped: 111506502 (249.42/conn)
01:08:38.939 ace.route [INFO] Children skipped: 0 (0.00/conn)
01:08:39.186 ace.route [INFO] Congested connections: 353670
01:08:39.187 ace.route [INFO] Time (s): 26.8618 | RAM (GB): 32.7398
01:08:39.188 ace.route [INFO] ============ Iteration 5 ============
01:09:00.560 ace.route [INFO] Routed connections: 331907/875605
01:09:00.560 ace.route [INFO] Nodes with overlaps: 38098
01:09:00.561 ace.route [INFO] Nodes pushed: 120991968 (364.54/conn)
01:09:00.562 ace.route [INFO] Nodes popped: 86297822 (260.01/conn)
01:09:00.564 ace.route [INFO] Children skipped: 0 (0.00/conn)
01:09:00.802 ace.route [INFO] Congested connections: 249720
01:09:00.803 ace.route [INFO] Time (s): 21.6148 | RAM (GB): 32.8545
01:09:00.804 ace.route [INFO] ============ Iteration 6 ============
01:09:16.921 ace.route [INFO] Routed connections: 230353/875605
01:09:16.922 ace.route [INFO] Nodes with overlaps: 16138
01:09:16.923 ace.route [INFO] Nodes pushed: 92358681 (400.94/conn)
01:09:16.925 ace.route [INFO] Nodes popped: 66204879 (287.41/conn)
01:09:16.926 ace.route [INFO] Children skipped: 0 (0.00/conn)
01:09:17.171 ace.route [INFO] Congested connections: 156140
01:09:17.173 ace.route [INFO] Time (s): 16.3685 | RAM (GB): 32.9359
01:09:17.174 ace.route [INFO] ============ Iteration 7 ============
01:09:27.543 ace.route [INFO] Routed connections: 139565/875605
01:09:27.544 ace.route [INFO] Nodes with overlaps: 5378
01:09:27.545 ace.route [INFO] Nodes pushed: 58092088 (416.24/conn)
01:09:27.546 ace.route [INFO] Nodes popped: 41304416 (295.95/conn)
01:09:27.547 ace.route [INFO] Children skipped: 0 (0.00/conn)
01:09:27.828 ace.route [INFO] Congested connections: 79013
01:09:27.829 ace.route [INFO] Time (s): 10.6552 | RAM (GB): 32.9802
01:09:27.830 ace.route [INFO] ============ Iteration 8 ============
01:09:33.448 ace.route [INFO] Routed connections: 68868/875605
01:09:33.449 ace.route [INFO] Nodes with overlaps: 1412
01:09:33.450 ace.route [INFO] Nodes pushed: 28717441 (416.99/conn)
01:09:33.451 ace.route [INFO] Nodes popped: 20064057 (291.34/conn)
01:09:33.453 ace.route [INFO] Children skipped: 0 (0.00/conn)
01:09:33.737 ace.route [INFO] Congested connections: 33810
01:09:33.739 ace.route [INFO] Time (s): 5.90859 | RAM (GB): 32.9998
01:09:33.740 ace.route [INFO] ============ Iteration 9 ============
01:09:36.389 ace.route [INFO] Routed connections: 28526/875605
01:09:36.390 ace.route [INFO] Nodes with overlaps: 332
01:09:36.391 ace.route [INFO] Nodes pushed: 11789248 (413.28/conn)
01:09:36.392 ace.route [INFO] Nodes popped: 8175626 (286.60/conn)
01:09:36.394 ace.route [INFO] Children skipped: 0 (0.00/conn)
01:09:36.664 ace.route [INFO] Congested connections: 11180
01:09:36.665 ace.route [INFO] Time (s): 2.92519 | RAM (GB): 33.0076
01:09:36.666 ace.route [INFO] ============ Iteration 10 ============
01:09:38.046 ace.route [INFO] Routed connections: 8952/875605
01:09:38.047 ace.route [INFO] Nodes with overlaps: 140
01:09:38.048 ace.route [INFO] Nodes pushed: 4396916 (491.17/conn)
01:09:38.050 ace.route [INFO] Nodes popped: 2988819 (333.87/conn)
01:09:38.050 ace.route [INFO] Children skipped: 0 (0.00/conn)
01:09:38.315 ace.route [INFO] Congested connections: 3031
01:09:38.315 ace.route [INFO] Time (s): 1.64877 | RAM (GB): 33.0104
01:09:38.316 ace.route [INFO] ============ Iteration 11 ============
01:09:39.231 ace.route [INFO] Routed connections: 2356/875605
01:09:39.232 ace.route [INFO] Nodes with overlaps: 66
01:09:39.233 ace.route [INFO] Nodes pushed: 1500155 (636.74/conn)
01:09:39.233 ace.route [INFO] Nodes popped: 1011475 (429.32/conn)
01:09:39.234 ace.route [INFO] Children skipped: 0 (0.00/conn)
01:09:39.500 ace.route [INFO] Congested connections: 417
01:09:39.500 ace.route [INFO] Time (s): 1.18377 | RAM (GB): 33.0113
01:09:39.501 ace.route [INFO] ============ Iteration 12 ============
01:09:40.253 ace.route [INFO] Routed connections: 392/875605
01:09:40.254 ace.route [INFO] Nodes with overlaps: 50
01:09:40.255 ace.route [INFO] Nodes pushed: 427906 (1091.60/conn)
01:09:40.256 ace.route [INFO] Nodes popped: 311719 (795.20/conn)
01:09:40.257 ace.route [INFO] Children skipped: 0 (0.00/conn)
01:09:40.519 ace.route [INFO] Congested connections: 117
01:09:40.520 ace.route [INFO] Time (s): 1.01878 | RAM (GB): 33.0119
01:09:40.521 ace.route [INFO] ============ Iteration 13 ============
01:09:41.251 ace.route [INFO] Routed connections: 108/875605
01:09:41.252 ace.route [INFO] Nodes with overlaps: 28
01:09:41.254 ace.route [INFO] Nodes pushed: 339581 (3144.27/conn)
01:09:41.255 ace.route [INFO] Nodes popped: 260747 (2414.32/conn)
01:09:41.255 ace.route [INFO] Children skipped: 0 (0.00/conn)
01:09:41.527 ace.route [INFO] Congested connections: 319
01:09:41.528 ace.route [INFO] Time (s): 1.00712 | RAM (GB): 33.0124
01:09:41.530 ace.route [INFO] ============ Iteration 14 ============
01:09:42.224 ace.route [INFO] Routed connections: 311/875605
01:09:42.225 ace.route [INFO] Nodes with overlaps: 18
01:09:42.226 ace.route [INFO] Nodes pushed: 241590 (776.82/conn)
01:09:42.227 ace.route [INFO] Nodes popped: 170039 (546.75/conn)
01:09:42.227 ace.route [INFO] Children skipped: 0 (0.00/conn)
01:09:42.507 ace.route [INFO] Congested connections: 51
01:09:42.509 ace.route [INFO] Time (s): 0.979081 | RAM (GB): 33.0124
01:09:42.510 ace.route [INFO] ============ Iteration 15 ============
01:09:43.179 ace.route [INFO] Routed connections: 63/875605
01:09:43.180 ace.route [INFO] Nodes with overlaps: 8
01:09:43.181 ace.route [INFO] Nodes pushed: 138563 (2199.41/conn)
01:09:43.182 ace.route [INFO] Nodes popped: 103673 (1645.60/conn)
01:09:43.184 ace.route [INFO] Children skipped: 0 (0.00/conn)
01:09:43.468 ace.route [INFO] Congested connections: 16
01:09:43.469 ace.route [INFO] Time (s): 0.959448 | RAM (GB): 33.0126
01:09:43.470 ace.route [INFO] ============ Iteration 16 ============
01:09:44.115 ace.route [INFO] Routed connections: 20/875605
01:09:44.116 ace.route [INFO] Nodes with overlaps: 9
01:09:44.117 ace.route [INFO] Nodes pushed: 39449 (1972.45/conn)
01:09:44.118 ace.route [INFO] Nodes popped: 31570 (1578.50/conn)
01:09:44.120 ace.route [INFO] Children skipped: 0 (0.00/conn)
01:09:44.403 ace.route [INFO] Congested connections: 22
01:09:44.404 ace.route [INFO] Time (s): 0.934081 | RAM (GB): 33.0128
01:09:44.405 ace.route [INFO] ============ Iteration 17 ============
01:09:45.046 ace.route [INFO] Routed connections: 22/875605
01:09:45.048 ace.route [INFO] Nodes with overlaps: 9
01:09:45.049 ace.route [INFO] Nodes pushed: 41854 (1902.45/conn)
01:09:45.049 ace.route [INFO] Nodes popped: 30890 (1404.09/conn)
01:09:45.049 ace.route [INFO] Children skipped: 0 (0.00/conn)
01:09:45.330 ace.route [INFO] Congested connections: 18
01:09:45.331 ace.route [INFO] Time (s): 0.926058 | RAM (GB): 33.0128
01:09:45.333 ace.route [INFO] ============ Iteration 18 ============
01:09:45.975 ace.route [INFO] Routed connections: 15/875605
01:09:45.976 ace.route [INFO] Nodes with overlaps: 6
01:09:45.977 ace.route [INFO] Nodes pushed: 30192 (2012.80/conn)
01:09:45.979 ace.route [INFO] Nodes popped: 24608 (1640.53/conn)
01:09:45.979 ace.route [INFO] Children skipped: 0 (0.00/conn)
01:09:46.257 ace.route [INFO] Congested connections: 17
01:09:46.258 ace.route [INFO] Time (s): 0.925049 | RAM (GB): 33.0128
01:09:46.260 ace.route [INFO] ============ Iteration 19 ============
01:09:46.899 ace.route [INFO] Routed connections: 13/875605
01:09:46.900 ace.route [INFO] Nodes with overlaps: 2
01:09:46.901 ace.route [INFO] Nodes pushed: 15894 (1222.62/conn)
01:09:46.902 ace.route [INFO] Nodes popped: 12537 (964.38/conn)
01:09:46.904 ace.route [INFO] Children skipped: 0 (0.00/conn)
01:09:47.179 ace.route [INFO] Congested connections: 5
01:09:47.180 ace.route [INFO] Time (s): 0.920368 | RAM (GB): 33.0128
01:09:47.181 ace.route [INFO] ============ Iteration 20 ============
01:09:47.824 ace.route [INFO] Routed connections: 4/875605
01:09:47.825 ace.route [INFO] Nodes with overlaps: 0
01:09:47.826 ace.route [INFO] Nodes pushed: 8875 (2218.75/conn)
01:09:47.827 ace.route [INFO] Nodes popped: 7386 (1846.50/conn)
01:09:47.828 ace.route [INFO] Children skipped: 0 (0.00/conn)
01:09:48.097 ace.route [INFO] Congested connections: 0
01:09:48.098 ace.route [INFO] 
01:09:48.099 ace.route [INFO] Route indirect connections success
01:09:48.100 ace.route [INFO] ------------------------------
01:09:48.101 ace.route [INFO] Num iterations:             20
01:09:48.102 ace.route [INFO] Connections routed:    3370930
01:09:48.103 ace.route [INFO] Nodes pushed:       1038844381
01:09:48.105 ace.route [INFO] Nodes popped:        727166549
01:09:48.105 ace.route [INFO] ------------------------------
01:09:48.794 ace.route [INFO] 
01:09:48.795 ace.route [INFO] Route 0 direct connections
01:09:48.796 ace.route [INFO] Time (s): 0.00171242 | RAM (GB): 33.0143
01:09:48.797 ace.route [INFO] 
01:09:50.416 ace.route [INFO] Route time (s): 204.197
01:10:23.658 ace.route [INFO] Insert 5681082 PIPs and 9051 strings: 29.229597s
01:10:40.359 ace.route [INFO] Write to gzip file: 16.699462s
01:10:40.367 ace.main [INFO] Elapsed time (s): 277
